\BOOKMARK [1][-]{Doc-Start}{\376\377\000A\000b\000s\000t\000r\000a\000c\000t}{}% 1
\BOOKMARK [1][-]{section.1}{\376\377\000I\000n\000t\000r\000o\000d\000u\000c\000t\000i\000o\000n}{}% 2
\BOOKMARK [1][-]{section.2}{\376\377\000H\000i\000s\000t\000o\000r\000i\000c\000a\000l\000\040\000L\000e\000s\000s\000o\000n\000s\000\040\000i\000n\000\040\000R\000e\000a\000c\000t\000o\000r\000\040\000S\000a\000f\000e\000t\000y}{}% 3
\BOOKMARK [2][-]{subsection.2.1}{\376\377\000S\000L\000-\0001\000:\000\040\000T\000h\000e\000\040\000F\000i\000r\000s\000t\000\040\000F\000a\000t\000a\000l\000\040\000U\000.\000S\000.\000\040\000R\000e\000a\000c\000t\000o\000r\000\040\000A\000c\000c\000i\000d\000e\000n\000t}{section.2}% 4
\BOOKMARK [2][-]{subsection.2.2}{\376\377\000T\000h\000r\000e\000e\000\040\000M\000i\000l\000e\000\040\000I\000s\000l\000a\000n\000d\000\040\000a\000n\000d\000\040\000I\000n\000t\000e\000r\000f\000a\000c\000e\000\040\000C\000o\000n\000f\000u\000s\000i\000o\000n}{section.2}% 5
\BOOKMARK [2][-]{subsection.2.3}{\376\377\000C\000h\000e\000r\000n\000o\000b\000y\000l\000\040\000a\000n\000d\000\040\000R\000e\000a\000c\000t\000o\000r\000\040\000D\000e\000s\000i\000g\000n\000\040\000F\000a\000u\000l\000t\000s}{section.2}% 6
\BOOKMARK [2][-]{subsection.2.4}{\376\377\000F\000u\000k\000u\000s\000h\000i\000m\000a\000-\000D\000a\000i\000i\000c\000h\000i\000:\000\040\000E\000n\000v\000i\000r\000o\000n\000m\000e\000n\000t\000a\000l\000\040\000C\000o\000n\000s\000e\000q\000u\000e\000n\000c\000e\000s}{section.2}% 7
\BOOKMARK [1][-]{section.3}{\376\377\000I\000n\000s\000t\000r\000u\000m\000e\000n\000t\000a\000t\000i\000o\000n\000\040\000a\000n\000d\000\040\000C\000o\000n\000t\000r\000o\000l\000\040\000\050\000I\000\046\000C\000\051\000\040\000S\000y\000s\000t\000e\000m\000s}{}% 8
\BOOKMARK [2][-]{subsection.3.1}{\376\377\000R\000e\000a\000c\000t\000o\000r\000\040\000M\000o\000n\000i\000t\000o\000r\000i\000n\000g\000\040\000P\000r\000i\000n\000c\000i\000p\000l\000e\000s}{section.3}% 9
\BOOKMARK [2][-]{subsection.3.2}{\376\377\000F\000e\000e\000d\000b\000a\000c\000k\000\040\000C\000o\000n\000t\000r\000o\000l\000\040\000L\000o\000o\000p\000s}{section.3}% 10
\BOOKMARK [2][-]{subsection.3.3}{\376\377\000S\000C\000R\000A\000M\000\040\000S\000y\000s\000t\000e\000m\000s\000\040\000a\000n\000d\000\040\000N\000e\000g\000a\000t\000i\000v\000e\000\040\000R\000e\000a\000c\000t\000i\000v\000i\000t\000y}{section.3}% 11
\BOOKMARK [1][-]{section.4}{\376\377\000H\000u\000m\000a\000n\000\040\000F\000a\000c\000t\000o\000r\000s\000:\000\040\000T\000h\000e\000\040\000E\000t\000h\000i\000c\000a\000l\000\040\000D\000i\000m\000e\000n\000s\000i\000o\000n\000\040\000o\000f\000\040\000A\000u\000t\000o\000m\000a\000t\000i\000o\000n}{}% 12
\BOOKMARK [2][-]{subsection.4.1}{\376\377\000N\000a\000v\000a\000l\000\040\000N\000u\000c\000l\000e\000a\000r\000\040\000P\000r\000o\000p\000u\000l\000s\000i\000o\000n\000\040\000S\000t\000a\000n\000d\000a\000r\000d\000s}{section.4}% 13
\BOOKMARK [2][-]{subsection.4.2}{\376\377\000E\000t\000h\000i\000c\000a\000l\000\040\000L\000i\000m\000i\000t\000s\000\040\000o\000f\000\040\000A\000u\000t\000o\000m\000a\000t\000i\000o\000n}{section.4}% 14
\BOOKMARK [1][-]{section.5}{\376\377\000E\000c\000o\000n\000o\000m\000i\000c\000\040\000R\000e\000a\000l\000i\000t\000i\000e\000s\000\040\000a\000n\000d\000\040\000I\000n\000f\000r\000a\000s\000t\000r\000u\000c\000t\000u\000r\000e\000\040\000D\000e\000c\000l\000i\000n\000e}{}% 15
\BOOKMARK [2][-]{subsection.5.1}{\376\377\000V\000a\000n\000i\000s\000h\000i\000n\000g\000\040\000I\000n\000d\000u\000s\000t\000r\000i\000a\000l\000\040\000S\000u\000p\000p\000o\000r\000t}{section.5}% 16
\BOOKMARK [2][-]{subsection.5.2}{\376\377\000S\000t\000r\000i\000c\000t\000e\000r\000\040\000R\000e\000g\000u\000l\000a\000t\000i\000o\000n\000s\000,\000\040\000S\000h\000r\000i\000n\000k\000i\000n\000g\000\040\000I\000n\000d\000u\000s\000t\000r\000y}{section.5}% 17
\BOOKMARK [1][-]{section.6}{\376\377\000T\000h\000e\000\040\000R\000e\000n\000e\000w\000a\000b\000l\000e\000\040\000E\000n\000e\000r\000g\000y\000\040\000S\000h\000i\000f\000t}{}% 18
\BOOKMARK [2][-]{subsection.6.1}{\376\377\000I\000n\000t\000e\000g\000r\000a\000t\000i\000o\000n\000\040\000C\000h\000a\000l\000l\000e\000n\000g\000e\000s\000\040\000a\000n\000d\000\040\000O\000p\000p\000o\000r\000t\000u\000n\000i\000t\000i\000e\000s}{section.6}% 19
\BOOKMARK [2][-]{subsection.6.2}{\376\377\000E\000c\000o\000n\000o\000m\000i\000c\000\040\000a\000n\000d\000\040\000P\000u\000b\000l\000i\000c\000\040\000P\000e\000r\000c\000e\000p\000t\000i\000o\000n\000\040\000S\000h\000i\000f\000t\000s}{section.6}% 20
\BOOKMARK [1][-]{section.7}{\376\377\000R\000e\000f\000l\000e\000c\000t\000i\000o\000n\000s\000\040\000o\000n\000\040\000t\000h\000e\000\040\000F\000u\000t\000u\000r\000e\000\040\000o\000f\000\040\000N\000u\000c\000l\000e\000a\000r\000\040\000E\000n\000e\000r\000g\000y}{}% 21
\BOOKMARK [1][-]{section.8}{\376\377\000C\000o\000n\000c\000l\000u\000s\000i\000o\000n}{}% 22
